Performing C SOURCE FILE Test CMAKE_HAVE_LIBC_PTHREAD failed with the following output:
Change Dir: /home/zhangqian/paper-tests/stage/cmake-build-debug/CMakeFiles/CMakeTmp

Run Build Command(s):/usr/bin/make cmTC_dcfd2/fast && /usr/bin/make  -f CMakeFiles/cmTC_dcfd2.dir/build.make CMakeFiles/cmTC_dcfd2.dir/build
make[1]: Entering directory '/home/zhangqian/paper-tests/stage/cmake-build-debug/CMakeFiles/CMakeTmp'
Building C object CMakeFiles/cmTC_dcfd2.dir/src.c.o
/usr/bin/gcc   -DCMAKE_HAVE_LIBC_PTHREAD   -o CMakeFiles/cmTC_dcfd2.dir/src.c.o   -c /home/zhangqian/paper-tests/stage/cmake-build-debug/CMakeFiles/CMakeTmp/src.c
Linking C executable cmTC_dcfd2
/home/zhangqian/CLion-2020.2.4/clion-2020.2.4/bin/cmake/linux/bin/cmake -E cmake_link_script CMakeFiles/cmTC_dcfd2.dir/link.txt --verbose=1
/usr/bin/gcc  -DCMAKE_HAVE_LIBC_PTHREAD    -rdynamic CMakeFiles/cmTC_dcfd2.dir/src.c.o  -o cmTC_dcfd2 
/usr/bin/ld: CMakeFiles/cmTC_dcfd2.dir/src.c.o: in function `main':
src.c:(.text+0x46): undefined reference to `pthread_create'
/usr/bin/ld: src.c:(.text+0x52): undefined reference to `pthread_detach'
/usr/bin/ld: src.c:(.text+0x5e): undefined reference to `pthread_cancel'
/usr/bin/ld: src.c:(.text+0x6f): undefined reference to `pthread_join'
collect2: error: ld returned 1 exit status
make[1]: *** [CMakeFiles/cmTC_dcfd2.dir/build.make:107: cmTC_dcfd2] Error 1
make[1]: Leaving directory '/home/zhangqian/paper-tests/stage/cmake-build-debug/CMakeFiles/CMakeTmp'
make: *** [Makefile:141: cmTC_dcfd2/fast] Error 2


Source file was:
#include <pthread.h>

void* test_func(void* data)
{
  return data;
}

int main(void)
{
  pthread_t thread;
  pthread_create(&thread, NULL, test_func, NULL);
  pthread_detach(thread);
  pthread_cancel(thread);
  pthread_join(thread, NULL);
  pthread_atfork(NULL, NULL, NULL);
  pthread_exit(NULL);

  return 0;
}

Determining if the function pthread_create exists in the pthreads failed with the following output:
Change Dir: /home/zhangqian/paper-tests/stage/cmake-build-debug/CMakeFiles/CMakeTmp

Run Build Command(s):/usr/bin/make cmTC_9b281/fast && /usr/bin/make  -f CMakeFiles/cmTC_9b281.dir/build.make CMakeFiles/cmTC_9b281.dir/build
make[1]: Entering directory '/home/zhangqian/paper-tests/stage/cmake-build-debug/CMakeFiles/CMakeTmp'
Building C object CMakeFiles/cmTC_9b281.dir/CheckFunctionExists.c.o
/usr/bin/gcc   -DCHECK_FUNCTION_EXISTS=pthread_create   -o CMakeFiles/cmTC_9b281.dir/CheckFunctionExists.c.o   -c /home/zhangqian/CLion-2020.2.4/clion-2020.2.4/bin/cmake/linux/share/cmake-3.17/Modules/CheckFunctionExists.c
Linking C executable cmTC_9b281
/home/zhangqian/CLion-2020.2.4/clion-2020.2.4/bin/cmake/linux/bin/cmake -E cmake_link_script CMakeFiles/cmTC_9b281.dir/link.txt --verbose=1
/usr/bin/gcc  -DCHECK_FUNCTION_EXISTS=pthread_create    -rdynamic CMakeFiles/cmTC_9b281.dir/CheckFunctionExists.c.o  -o cmTC_9b281  -lpthreads 
/usr/bin/ld: cannot find -lpthreads
collect2: error: ld returned 1 exit status
make[1]: *** [CMakeFiles/cmTC_9b281.dir/build.make:107: cmTC_9b281] Error 1
make[1]: Leaving directory '/home/zhangqian/paper-tests/stage/cmake-build-debug/CMakeFiles/CMakeTmp'
make: *** [Makefile:141: cmTC_9b281/fast] Error 2



Determining size of unsigned __int16 failed with the following output:
Change Dir: /home/zhangqian/paper-tests/stage/cmake-build-debug/CMakeFiles/CMakeTmp

Run Build Command(s):/usr/bin/make cmTC_976b5/fast && /usr/bin/make  -f CMakeFiles/cmTC_976b5.dir/build.make CMakeFiles/cmTC_976b5.dir/build
make[1]: Entering directory '/home/zhangqian/paper-tests/stage/cmake-build-debug/CMakeFiles/CMakeTmp'
Building C object CMakeFiles/cmTC_976b5.dir/HAVE___UINT16.c.o
/usr/bin/gcc    -o CMakeFiles/cmTC_976b5.dir/HAVE___UINT16.c.o   -c /home/zhangqian/paper-tests/stage/cmake-build-debug/CMakeFiles/CheckTypeSize/HAVE___UINT16.c
/home/zhangqian/paper-tests/stage/cmake-build-debug/CMakeFiles/CheckTypeSize/HAVE___UINT16.c:23:31: error: expected ‘)’ before ‘__int16’
   23 | #define SIZE (sizeof(unsigned __int16))
      |                     ~         ^~~~~~~
/home/zhangqian/paper-tests/stage/cmake-build-debug/CMakeFiles/CheckTypeSize/HAVE___UINT16.c:25:12: note: in expansion of macro ‘SIZE’
   25 |   ('0' + ((SIZE / 10000)%10)),
      |            ^~~~
/home/zhangqian/paper-tests/stage/cmake-build-debug/CMakeFiles/CheckTypeSize/HAVE___UINT16.c:23:31: error: expected ‘)’ before ‘__int16’
   23 | #define SIZE (sizeof(unsigned __int16))
      |                     ~         ^~~~~~~
/home/zhangqian/paper-tests/stage/cmake-build-debug/CMakeFiles/CheckTypeSize/HAVE___UINT16.c:26:12: note: in expansion of macro ‘SIZE’
   26 |   ('0' + ((SIZE / 1000)%10)),
      |            ^~~~
/home/zhangqian/paper-tests/stage/cmake-build-debug/CMakeFiles/CheckTypeSize/HAVE___UINT16.c:23:31: error: expected ‘)’ before ‘__int16’
   23 | #define SIZE (sizeof(unsigned __int16))
      |                     ~         ^~~~~~~
/home/zhangqian/paper-tests/stage/cmake-build-debug/CMakeFiles/CheckTypeSize/HAVE___UINT16.c:27:12: note: in expansion of macro ‘SIZE’
   27 |   ('0' + ((SIZE / 100)%10)),
      |            ^~~~
/home/zhangqian/paper-tests/stage/cmake-build-debug/CMakeFiles/CheckTypeSize/HAVE___UINT16.c:23:31: error: expected ‘)’ before ‘__int16’
   23 | #define SIZE (sizeof(unsigned __int16))
      |                     ~         ^~~~~~~
/home/zhangqian/paper-tests/stage/cmake-build-debug/CMakeFiles/CheckTypeSize/HAVE___UINT16.c:28:12: note: in expansion of macro ‘SIZE’
   28 |   ('0' + ((SIZE / 10)%10)),
      |            ^~~~
/home/zhangqian/paper-tests/stage/cmake-build-debug/CMakeFiles/CheckTypeSize/HAVE___UINT16.c:23:31: error: expected ‘)’ before ‘__int16’
   23 | #define SIZE (sizeof(unsigned __int16))
      |                     ~         ^~~~~~~
/home/zhangqian/paper-tests/stage/cmake-build-debug/CMakeFiles/CheckTypeSize/HAVE___UINT16.c:29:12: note: in expansion of macro ‘SIZE’
   29 |   ('0' +  (SIZE    % 10)),
      |            ^~~~
make[1]: *** [CMakeFiles/cmTC_976b5.dir/build.make:86: CMakeFiles/cmTC_976b5.dir/HAVE___UINT16.c.o] Error 1
make[1]: Leaving directory '/home/zhangqian/paper-tests/stage/cmake-build-debug/CMakeFiles/CMakeTmp'
make: *** [Makefile:141: cmTC_976b5/fast] Error 2


/home/zhangqian/paper-tests/stage/cmake-build-debug/CMakeFiles/CheckTypeSize/HAVE___UINT16.c:
#include <sys/types.h>
#include <stdint.h>
#include <stddef.h>


#undef KEY
#if defined(__i386)
# define KEY '_','_','i','3','8','6'
#elif defined(__x86_64)
# define KEY '_','_','x','8','6','_','6','4'
#elif defined(__ppc__)
# define KEY '_','_','p','p','c','_','_'
#elif defined(__ppc64__)
# define KEY '_','_','p','p','c','6','4','_','_'
#elif defined(__aarch64__)
# define KEY '_','_','a','a','r','c','h','6','4','_','_'
#elif defined(__ARM_ARCH_7A__)
# define KEY '_','_','A','R','M','_','A','R','C','H','_','7','A','_','_'
#elif defined(__ARM_ARCH_7S__)
# define KEY '_','_','A','R','M','_','A','R','C','H','_','7','S','_','_'
#endif

#define SIZE (sizeof(unsigned __int16))
static char info_size[] =  {'I', 'N', 'F', 'O', ':', 's','i','z','e','[',
  ('0' + ((SIZE / 10000)%10)),
  ('0' + ((SIZE / 1000)%10)),
  ('0' + ((SIZE / 100)%10)),
  ('0' + ((SIZE / 10)%10)),
  ('0' +  (SIZE    % 10)),
  ']',
#ifdef KEY
  ' ','k','e','y','[', KEY, ']',
#endif
  '\0'};

#ifdef __CLASSIC_C__
int main(argc, argv) int argc; char *argv[];
#else
int main(int argc, char *argv[])
#endif
{
  int require = 0;
  require += info_size[argc];
  (void)argv;
  return require;
}


Determining if the function dladdr exists failed with the following output:
Change Dir: /home/zhangqian/paper-tests/stage/cmake-build-debug/CMakeFiles/CMakeTmp

Run Build Command(s):/usr/bin/make cmTC_2c3a4/fast && /usr/bin/make  -f CMakeFiles/cmTC_2c3a4.dir/build.make CMakeFiles/cmTC_2c3a4.dir/build
make[1]: Entering directory '/home/zhangqian/paper-tests/stage/cmake-build-debug/CMakeFiles/CMakeTmp'
Building C object CMakeFiles/cmTC_2c3a4.dir/CheckFunctionExists.c.o
/usr/bin/gcc   -DCHECK_FUNCTION_EXISTS=dladdr   -o CMakeFiles/cmTC_2c3a4.dir/CheckFunctionExists.c.o   -c /home/zhangqian/CLion-2020.2.4/clion-2020.2.4/bin/cmake/linux/share/cmake-3.17/Modules/CheckFunctionExists.c
Linking C executable cmTC_2c3a4
/home/zhangqian/CLion-2020.2.4/clion-2020.2.4/bin/cmake/linux/bin/cmake -E cmake_link_script CMakeFiles/cmTC_2c3a4.dir/link.txt --verbose=1
/usr/bin/gcc  -DCHECK_FUNCTION_EXISTS=dladdr    -rdynamic CMakeFiles/cmTC_2c3a4.dir/CheckFunctionExists.c.o  -o cmTC_2c3a4 
/usr/bin/ld: CMakeFiles/cmTC_2c3a4.dir/CheckFunctionExists.c.o: in function `main':
CheckFunctionExists.c:(.text+0x14): undefined reference to `dladdr'
collect2: error: ld returned 1 exit status
make[1]: *** [CMakeFiles/cmTC_2c3a4.dir/build.make:107: cmTC_2c3a4] Error 1
make[1]: Leaving directory '/home/zhangqian/paper-tests/stage/cmake-build-debug/CMakeFiles/CMakeTmp'
make: *** [Makefile:141: cmTC_2c3a4/fast] Error 2



Performing C++ SOURCE FILE Test HAVE_NO_UNNAMED_TYPE_TEMPLATE_ARGS failed with the following output:
Change Dir: /home/zhangqian/paper-tests/stage/cmake-build-debug/CMakeFiles/CMakeTmp

Run Build Command(s):/usr/bin/make cmTC_20c2b/fast && /usr/bin/make  -f CMakeFiles/cmTC_20c2b.dir/build.make CMakeFiles/cmTC_20c2b.dir/build
make[1]: Entering directory '/home/zhangqian/paper-tests/stage/cmake-build-debug/CMakeFiles/CMakeTmp'
Building CXX object CMakeFiles/cmTC_20c2b.dir/src.cxx.o
/usr/bin/g++    -march=native -DHAVE_NO_UNNAMED_TYPE_TEMPLATE_ARGS   -Wunnamed-type-template-args -std=c++17 -o CMakeFiles/cmTC_20c2b.dir/src.cxx.o -c /home/zhangqian/paper-tests/stage/cmake-build-debug/CMakeFiles/CMakeTmp/src.cxx
g++: error: unrecognized command line option '-Wunnamed-type-template-args'
make[1]: *** [CMakeFiles/cmTC_20c2b.dir/build.make:86: CMakeFiles/cmTC_20c2b.dir/src.cxx.o] Error 1
make[1]: Leaving directory '/home/zhangqian/paper-tests/stage/cmake-build-debug/CMakeFiles/CMakeTmp'
make: *** [Makefile:141: cmTC_20c2b/fast] Error 2


Source file was:
int main() { return 0; }
Determining if the function get_static_proc_name exists in the unwind failed with the following output:
Change Dir: /home/zhangqian/paper-tests/stage/cmake-build-debug/CMakeFiles/CMakeTmp

Run Build Command(s):/usr/bin/make cmTC_59fd9/fast && /usr/bin/make  -f CMakeFiles/cmTC_59fd9.dir/build.make CMakeFiles/cmTC_59fd9.dir/build
make[1]: Entering directory '/home/zhangqian/paper-tests/stage/cmake-build-debug/CMakeFiles/CMakeTmp'
Building C object CMakeFiles/cmTC_59fd9.dir/CheckFunctionExists.c.o
/usr/bin/gcc   -DCHECK_FUNCTION_EXISTS=get_static_proc_name   -o CMakeFiles/cmTC_59fd9.dir/CheckFunctionExists.c.o   -c /home/zhangqian/CLion-2020.2.4/clion-2020.2.4/bin/cmake/linux/share/cmake-3.17/Modules/CheckFunctionExists.c
Linking C executable cmTC_59fd9
/home/zhangqian/CLion-2020.2.4/clion-2020.2.4/bin/cmake/linux/bin/cmake -E cmake_link_script CMakeFiles/cmTC_59fd9.dir/link.txt --verbose=1
/usr/bin/gcc  -DCHECK_FUNCTION_EXISTS=get_static_proc_name    -rdynamic CMakeFiles/cmTC_59fd9.dir/CheckFunctionExists.c.o  -o cmTC_59fd9  -lunwind 
/usr/bin/ld: CMakeFiles/cmTC_59fd9.dir/CheckFunctionExists.c.o: in function `main':
CheckFunctionExists.c:(.text+0x14): undefined reference to `get_static_proc_name'
collect2: error: ld returned 1 exit status
make[1]: *** [CMakeFiles/cmTC_59fd9.dir/build.make:107: cmTC_59fd9] Error 1
make[1]: Leaving directory '/home/zhangqian/paper-tests/stage/cmake-build-debug/CMakeFiles/CMakeTmp'
make: *** [Makefile:141: cmTC_59fd9/fast] Error 2



Determining if the function UnDecorateSymbolName exists in the dbghelp failed with the following output:
Change Dir: /home/zhangqian/paper-tests/stage/cmake-build-debug/CMakeFiles/CMakeTmp

Run Build Command(s):/usr/bin/make cmTC_88be9/fast && /usr/bin/make  -f CMakeFiles/cmTC_88be9.dir/build.make CMakeFiles/cmTC_88be9.dir/build
make[1]: Entering directory '/home/zhangqian/paper-tests/stage/cmake-build-debug/CMakeFiles/CMakeTmp'
Building C object CMakeFiles/cmTC_88be9.dir/CheckFunctionExists.c.o
/usr/bin/gcc   -DCHECK_FUNCTION_EXISTS=UnDecorateSymbolName   -o CMakeFiles/cmTC_88be9.dir/CheckFunctionExists.c.o   -c /home/zhangqian/CLion-2020.2.4/clion-2020.2.4/bin/cmake/linux/share/cmake-3.17/Modules/CheckFunctionExists.c
Linking C executable cmTC_88be9
/home/zhangqian/CLion-2020.2.4/clion-2020.2.4/bin/cmake/linux/bin/cmake -E cmake_link_script CMakeFiles/cmTC_88be9.dir/link.txt --verbose=1
/usr/bin/gcc  -DCHECK_FUNCTION_EXISTS=UnDecorateSymbolName    -rdynamic CMakeFiles/cmTC_88be9.dir/CheckFunctionExists.c.o  -o cmTC_88be9  -ldbghelp 
/usr/bin/ld: cannot find -ldbghelp
collect2: error: ld returned 1 exit status
make[1]: *** [CMakeFiles/cmTC_88be9.dir/build.make:107: cmTC_88be9] Error 1
make[1]: Leaving directory '/home/zhangqian/paper-tests/stage/cmake-build-debug/CMakeFiles/CMakeTmp'
make: *** [Makefile:141: cmTC_88be9/fast] Error 2



Performing C SOURCE FILE Test HAVE_RWLOCK failed with the following output:
Change Dir: /home/zhangqian/paper-tests/stage/cmake-build-debug/CMakeFiles/CMakeTmp

Run Build Command(s):/usr/bin/make cmTC_39a62/fast && /usr/bin/make  -f CMakeFiles/cmTC_39a62.dir/build.make CMakeFiles/cmTC_39a62.dir/build
make[1]: Entering directory '/home/zhangqian/paper-tests/stage/cmake-build-debug/CMakeFiles/CMakeTmp'
Building C object CMakeFiles/cmTC_39a62.dir/src.c.o
/usr/bin/gcc   -DHAVE_RWLOCK   -o CMakeFiles/cmTC_39a62.dir/src.c.o   -c /home/zhangqian/paper-tests/stage/cmake-build-debug/CMakeFiles/CMakeTmp/src.c
Linking C executable cmTC_39a62
/home/zhangqian/CLion-2020.2.4/clion-2020.2.4/bin/cmake/linux/bin/cmake -E cmake_link_script CMakeFiles/cmTC_39a62.dir/link.txt --verbose=1
/usr/bin/gcc  -DHAVE_RWLOCK    -rdynamic CMakeFiles/cmTC_39a62.dir/src.c.o  -o cmTC_39a62 
/usr/bin/ld: CMakeFiles/cmTC_39a62.dir/src.c.o: in function `main':
src.c:(.text+0x28): undefined reference to `pthread_rwlock_init'
/usr/bin/ld: src.c:(.text+0x34): undefined reference to `pthread_rwlock_rdlock'
collect2: error: ld returned 1 exit status
make[1]: *** [CMakeFiles/cmTC_39a62.dir/build.make:107: cmTC_39a62] Error 1
make[1]: Leaving directory '/home/zhangqian/paper-tests/stage/cmake-build-debug/CMakeFiles/CMakeTmp'
make: *** [Makefile:141: cmTC_39a62/fast] Error 2


Source file was:

#define _XOPEN_SOURCE 500
#include <pthread.h>
int main(void)
{
  pthread_rwlock_t l;
  pthread_rwlock_init(&l, NULL);
  pthread_rwlock_rdlock(&l);
  return 0;
}

Performing C SOURCE FILE Test HAVE___DECLSPEC failed with the following output:
Change Dir: /home/zhangqian/paper-tests/stage/cmake-build-debug/CMakeFiles/CMakeTmp

Run Build Command(s):/usr/bin/make cmTC_a702e/fast && /usr/bin/make  -f CMakeFiles/cmTC_a702e.dir/build.make CMakeFiles/cmTC_a702e.dir/build
make[1]: Entering directory '/home/zhangqian/paper-tests/stage/cmake-build-debug/CMakeFiles/CMakeTmp'
Building C object CMakeFiles/cmTC_a702e.dir/src.c.o
/usr/bin/gcc   -DHAVE___DECLSPEC   -o CMakeFiles/cmTC_a702e.dir/src.c.o   -c /home/zhangqian/paper-tests/stage/cmake-build-debug/CMakeFiles/CMakeTmp/src.c
/home/zhangqian/paper-tests/stage/cmake-build-debug/CMakeFiles/CMakeTmp/src.c:2:1: warning: return type defaults to ‘int’ [-Wimplicit-int]
    2 | __declspec(selectany) int a;
      | ^~~~~~~~~~
/home/zhangqian/paper-tests/stage/cmake-build-debug/CMakeFiles/CMakeTmp/src.c: In function ‘__declspec’:
/home/zhangqian/paper-tests/stage/cmake-build-debug/CMakeFiles/CMakeTmp/src.c:3:16: error: expected ‘=’, ‘,’, ‘;’, ‘asm’ or ‘__attribute__’ before ‘{’ token
    3 | int main(void) { return 0; }
      |                ^
/home/zhangqian/paper-tests/stage/cmake-build-debug/CMakeFiles/CMakeTmp/src.c:2:1: warning: type of ‘selectany’ defaults to ‘int’ [-Wimplicit-int]
    2 | __declspec(selectany) int a;
      | ^~~~~~~~~~
/home/zhangqian/paper-tests/stage/cmake-build-debug/CMakeFiles/CMakeTmp/src.c:2:27: error: declaration for parameter ‘a’ but no such parameter
    2 | __declspec(selectany) int a;
      |                           ^
/home/zhangqian/paper-tests/stage/cmake-build-debug/CMakeFiles/CMakeTmp/src.c:4: error: expected ‘{’ at end of input
    4 | 
      | 
make[1]: *** [CMakeFiles/cmTC_a702e.dir/build.make:86: CMakeFiles/cmTC_a702e.dir/src.c.o] Error 1
make[1]: Leaving directory '/home/zhangqian/paper-tests/stage/cmake-build-debug/CMakeFiles/CMakeTmp'
make: *** [Makefile:141: cmTC_a702e/fast] Error 2


Source file was:

__declspec(selectany) int a;
int main(void) { return 0; }

Performing C++ SOURCE FILE Test STL_NO_NAMESPACE failed with the following output:
Change Dir: /home/zhangqian/paper-tests/stage/cmake-build-debug/CMakeFiles/CMakeTmp

Run Build Command(s):/usr/bin/make cmTC_959f4/fast && /usr/bin/make  -f CMakeFiles/cmTC_959f4.dir/build.make CMakeFiles/cmTC_959f4.dir/build
make[1]: Entering directory '/home/zhangqian/paper-tests/stage/cmake-build-debug/CMakeFiles/CMakeTmp'
Building CXX object CMakeFiles/cmTC_959f4.dir/src.cxx.o
/usr/bin/g++    -march=native -DSTL_NO_NAMESPACE   -std=c++17 -o CMakeFiles/cmTC_959f4.dir/src.cxx.o -c /home/zhangqian/paper-tests/stage/cmake-build-debug/CMakeFiles/CMakeTmp/src.cxx
/home/zhangqian/paper-tests/stage/cmake-build-debug/CMakeFiles/CMakeTmp/src.cxx:3:1: error: ‘vector’ does not name a type
    3 | vector<int> t; int main() { }
      | ^~~~~~
make[1]: *** [CMakeFiles/cmTC_959f4.dir/build.make:86: CMakeFiles/cmTC_959f4.dir/src.cxx.o] Error 1
make[1]: Leaving directory '/home/zhangqian/paper-tests/stage/cmake-build-debug/CMakeFiles/CMakeTmp'
make: *** [Makefile:141: cmTC_959f4/fast] Error 2


Source file was:

#include <vector>
vector<int> t; int main() { }

Performing C++ SOURCE FILE Test HAVE_MSVC_TLS failed with the following output:
Change Dir: /home/zhangqian/paper-tests/stage/cmake-build-debug/CMakeFiles/CMakeTmp

Run Build Command(s):/usr/bin/make cmTC_0ffc6/fast && /usr/bin/make  -f CMakeFiles/cmTC_0ffc6.dir/build.make CMakeFiles/cmTC_0ffc6.dir/build
make[1]: Entering directory '/home/zhangqian/paper-tests/stage/cmake-build-debug/CMakeFiles/CMakeTmp'
Building CXX object CMakeFiles/cmTC_0ffc6.dir/src.cxx.o
/usr/bin/g++    -march=native -DHAVE_MSVC_TLS   -std=c++17 -o CMakeFiles/cmTC_0ffc6.dir/src.cxx.o -c /home/zhangqian/paper-tests/stage/cmake-build-debug/CMakeFiles/CMakeTmp/src.cxx
/home/zhangqian/paper-tests/stage/cmake-build-debug/CMakeFiles/CMakeTmp/src.cxx:2:11: error: expected constructor, destructor, or type conversion before ‘(’ token
    2 | __declspec(thread) int tls;
      |           ^
make[1]: *** [CMakeFiles/cmTC_0ffc6.dir/build.make:86: CMakeFiles/cmTC_0ffc6.dir/src.cxx.o] Error 1
make[1]: Leaving directory '/home/zhangqian/paper-tests/stage/cmake-build-debug/CMakeFiles/CMakeTmp'
make: *** [Makefile:141: cmTC_0ffc6/fast] Error 2


Source file was:

__declspec(thread) int tls;
int main() { }

